2024-02-15 08:46:32,224 - INFO - Agent sevenmins@mail.com registered at 2024-02-15 08:46:32.224147
2024-02-15 08:49:36,384 - INFO - Agent sevenmins@mail.com logged in at 2024-02-15 08:49:36.384609
2024-02-15 08:50:18,415 - INFO - Agent sevenmins@mail.com logged out at 2024-02-15 08:50:18.415300
2024-02-15 08:50:45,990 - INFO - Service Provider 111@kim.com registered at 2024-02-15 08:50:45.990292
2024-02-15 08:50:50,389 - INFO - Service Provider 111@kim.com logged in at 2024-02-15 08:50:50.389854
2024-02-15 08:53:27,207 - INFO - Service Provider 111@kim.com logged out at 2024-02-15 08:53:27.207193
2024-02-15 08:53:35,525 - INFO - Service Provider 111@kim.com logged in at 2024-02-15 08:53:35.525331
2024-02-15 08:55:26,314 - INFO - Service Provider 111@kim.com logged out at 2024-02-15 08:55:26.314701
2024-02-15 08:55:31,255 - INFO - Service Provider 111@kim.com logged in at 2024-02-15 08:55:31.255368
2024-02-15 08:58:42,945 - INFO - Handy Man 111@kim.com registered at 2024-02-15 08:58:42.945889
2024-02-15 08:58:43,450 - INFO - fees created at 2024-02-15 08:58:43.450609
2024-02-15 08:58:43,450 - INFO - Agent EliteTechRoot registered at 2024-02-15 08:58:43.450890
2024-02-15 08:58:47,483 - INFO - Handy Man 111@kim.com logged in at 2024-02-15 08:58:47.483842
2024-02-15 09:01:09,337 - INFO - Handy Man 111@kim.com logged out at 2024-02-15 09:01:09.337120
2024-02-15 09:01:15,178 - INFO - Handy Man 111@kim.com logged in at 2024-02-15 09:01:15.178793
2024-02-15 09:02:42,378 - INFO - Handy Man 111@kim.com logged out at 2024-02-15 09:02:42.378372
2024-02-15 09:02:47,217 - INFO - Agent EliteTechRoot logged in at 2024-02-15 09:02:47.217837
2024-02-15 09:03:08,284 - INFO - Agent EliteTechRoot logged out at 2024-02-15 09:03:08.284589
2024-02-15 09:03:12,799 - INFO - Handy Man 111@kim.com logged in at 2024-02-15 09:03:12.799020
2024-02-15 09:03:30,027 - INFO - Handy Man 111@kim.com logged out at 2024-02-15 09:03:30.027351
2024-02-15 09:03:52,314 - INFO - Handy Man 111@kim.com logged in at 2024-02-15 09:03:52.314247
2024-02-15 09:04:40,675 - INFO - Handy Man 111@kim.com logged out at 2024-02-15 09:04:40.675115
